\BOOKMARK [0][-]{chapter.1}{Indledning}{}% 1
\BOOKMARK [1][-]{section.1.1}{Initierende problemstilling}{chapter.1}% 2
\BOOKMARK [0][-]{chapter.2}{Problemanalyse}{}% 3
\BOOKMARK [1][-]{section.2.1}{Ortop\346dkirurgisk afdeling p\345 Aalborg Universitetshospital}{chapter.2}% 4
\BOOKMARK [2][-]{subsection.2.1.1}{Personalets arbejdsgang}{section.2.1}% 5
\BOOKMARK [2][-]{subsection.2.1.2}{Patienter}{section.2.1}% 6
\BOOKMARK [2][-]{subsection.2.1.3}{Planl\346gning af patienter}{section.2.1}% 7
\BOOKMARK [1][-]{section.2.2}{Kapacitetudnyttelse}{chapter.2}% 8
\BOOKMARK [0][-]{chapter.3}{Metode}{}% 9
\BOOKMARK [1][-]{section.3.1}{Metode}{chapter.3}% 10
\BOOKMARK [2][-]{subsection.3.1.1}{Litteraturs\370gning}{section.3.1}% 11
\BOOKMARK [2][-]{subsection.3.1.2}{Interview}{section.3.1}% 12
\BOOKMARK [0][-]{chapter.4}{Pr\346diktiv modellering}{}% 13
\BOOKMARK [1][-]{section.4.1}{Pr\346diktiv model}{chapter.4}% 14
\BOOKMARK [1][-]{section.4.2}{Implementering af pr\346diktiv model}{chapter.4}% 15
\BOOKMARK [2][-]{subsection.4.2.1}{Udfordringer ved en pr\346diktiv model}{section.4.2}% 16
\BOOKMARK [1][-]{section.4.3}{Effekter af en pr\346diktiv model}{chapter.4}% 17
\BOOKMARK [0][-]{chapter.5}{Syntese}{}% 18
\BOOKMARK [1][-]{section.5.1}{Diskussion}{chapter.5}% 19
\BOOKMARK [0][-]{chapter.A}{Bilag A}{}% 20
\BOOKMARK [1][-]{section.A.1}{Interview skabelon}{chapter.A}% 21
\BOOKMARK [2][-]{subsection.A.1.1}{Interviewet med sygeplejersker}{section.A.1}% 22
\BOOKMARK [2][-]{subsection.A.1.2}{Interview med l\346gesekret\346r}{section.A.1}% 23
\BOOKMARK [1][-]{section.A.2}{Interview med sygeplejersker}{chapter.A}% 24
\BOOKMARK [1][-]{section.A.3}{Interview med l\346gesekret\346r}{chapter.A}% 25
