This is pdfTeX, Version 3.1415926-2.4-1.40.13 (MiKTeX 2.9) (preloaded format=pdflatex 2016.10.3)  15 DEC 2016 17:44
entering extended mode
**interviewlaegesek.tex

("C:\Users\Linette Helena Pouls\Documents\GitHub\ST5405\contents\yBilag\intervi
ewlaegesek.tex"
LaTeX2e <2011/06/27>
Babel <v3.8m> and hyphenation patterns for english, afrikaans, ancientgreek, ar
abic, armenian, assamese, basque, bengali, bokmal, bulgarian, catalan, coptic, 
croatian, czech, danish, dutch, esperanto, estonian, farsi, finnish, french, ga
lician, german, german-x-2012-05-30, greek, gujarati, hindi, hungarian, iceland
ic, indonesian, interlingua, irish, italian, kannada, kurmanji, latin, latvian,
 lithuanian, malayalam, marathi, mongolian, mongolianlmc, monogreek, ngerman, n
german-x-2012-05-30, nynorsk, oriya, panjabi, pinyin, polish, portuguese, roman
ian, russian, sanskrit, serbian, slovak, slovenian, spanish, swedish, swissgerm
an, tamil, telugu, turkish, turkmen, ukenglish, ukrainian, uppersorbian, usengl
ishmax, welsh, loaded.
! Undefined control sequence.
l.1 \chapter
            {Bilag}
The control sequence at the end of the top line
of your error message was never \def'ed. If you have
misspelled it (e.g., `\hobx'), type `I' and the correct
spelling (e.g., `I\hbox'). Otherwise just continue,
and I'll forget about whatever was undefined.


! LaTeX Error: Missing \begin{document}.

See the LaTeX manual or LaTeX Companion for explanation.
Type  H <return>  for immediate help.
 ...                                              
                                                  
l.1 \chapter{B
              ilag}
You're in trouble here.  Try typing  <return>  to proceed.
If that doesn't work, type  X <return>  to quit.

Missing character: There is no B in font nullfont!
Missing character: There is no i in font nullfont!
Missing character: There is no l in font nullfont!
Missing character: There is no a in font nullfont!
Missing character: There is no g in font nullfont!

Overfull \hbox (20.0pt too wide) in paragraph at lines 1--2
[] 
 []

! Undefined control sequence.
l.3 \section
            {Interviews med ortop√¶dkirurgisk afdeling}
The control sequence at the end of the top line
of your error message was never \def'ed. If you have
misspelled it (e.g., `\hobx'), type `I' and the correct
spelling (e.g., `I\hbox'). Otherwise just continue,
and I'll forget about whatever was undefined.


! LaTeX Error: Missing \begin{document}.

See the LaTeX manual or LaTeX Companion for explanation.
Type  H <return>  for immediate help.
 ...                                              
                                                  
l.3 \section{I
              nterviews med ortop√¶dkirurgisk afdeling}
You're in trouble here.  Try typing  <return>  to proceed.
If that doesn't work, type  X <return>  to quit.

Missing character: There is no I in font nullfont!
Missing character: There is no n in font nullfont!
Missing character: There is no t in font nullfont!
Missing character: There is no e in font nullfont!
Missing character: There is no r in font nullfont!
Missing character: There is no v in font nullfont!
Missing character: There is no i in font nullfont!
Missing character: There is no e in font nullfont!
Missing character: There is no w in font nullfont!
Missing character: There is no s in font nullfont!
Missing character: There is no m in font nullfont!
Missing character: There is no e in font nullfont!
Missing character: There is no d in font nullfont!
Missing character: There is no o in font nullfont!
Missing character: There is no r in font nullfont!
Missing character: There is no t in font nullfont!
Missing character: There is no o in font nullfont!
Missing character: There is no p in font nullfont!
Missing character: There is no √ in font nullfont!
Missing character: There is no ¶ in font nullfont!
Missing character: There is no d in font nullfont!
Missing character: There is no k in font nullfont!
Missing character: There is no i in font nullfont!
Missing character: There is no r in font nullfont!
Missing character: There is no u in font nullfont!
Missing character: There is no r in font nullfont!
Missing character: There is no g in font nullfont!
Missing character: There is no i in font nullfont!
Missing character: There is no s in font nullfont!
Missing character: There is no k in font nullfont!
Missing character: There is no a in font nullfont!
Missing character: There is no f in font nullfont!
Missing character: There is no d in font nullfont!
Missing character: There is no e in font nullfont!
Missing character: There is no l in font nullfont!
Missing character: There is no i in font nullfont!
Missing character: There is no n in font nullfont!
Missing character: There is no g in font nullfont!
Missing character: There is no D in font nullfont!
Missing character: There is no e in font nullfont!
Missing character: There is no t in font nullfont!
Missing character: There is no t in font nullfont!
Missing character: There is no e in font nullfont!
Missing character: There is no b in font nullfont!
Missing character: There is no i in font nullfont!
Missing character: There is no l in font nullfont!
Missing character: There is no a in font nullfont!
Missing character: There is no g in font nullfont!
Missing character: There is no i in font nullfont!
Missing character: There is no n in font nullfont!
Missing character: There is no d in font nullfont!
Missing character: There is no e in font nullfont!
Missing character: There is no h in font nullfont!
Missing character: There is no o in font nullfont!
Missing character: There is no l in font nullfont!
Missing character: There is no d in font nullfont!
Missing character: There is no e in font nullfont!
Missing character: There is no r in font nullfont!
Missing character: There is no s in font nullfont!
Missing character: There is no a in font nullfont!
Missing character: There is no m in font nullfont!
Missing character: There is no t in font nullfont!
Missing character: There is no l in font nullfont!
Missing character: There is no i in font nullfont!
Missing character: There is no g in font nullfont!
Missing character: There is no e in font nullfont!
Missing character: There is no i in font nullfont!
Missing character: There is no n in font nullfont!
Missing character: There is no t in font nullfont!
Missing character: There is no e in font nullfont!
Missing character: There is no r in font nullfont!
Missing character: There is no v in font nullfont!
Missing character: There is no i in font nullfont!
Missing character: There is no e in font nullfont!
Missing character: There is no w in font nullfont!
Missing character: There is no s in font nullfont!
Missing character: There is no f in font nullfont!
Missing character: There is no o in font nullfont!
Missing character: There is no r in font nullfont!
Missing character: There is no e in font nullfont!
Missing character: There is no t in font nullfont!
Missing character: There is no a in font nullfont!
Missing character: There is no g in font nullfont!
Missing character: There is no e in font nullfont!
Missing character: There is no t in font nullfont!
Missing character: There is no p in font nullfont!
Missing character: There is no √ in font nullfont!
Missing character: There is no • in font nullfont!
Missing character: There is no O in font nullfont!
Missing character: There is no A in font nullfont!
Missing character: There is no . in font nullfont!
Missing character: There is no I in font nullfont!
Missing character: There is no n in font nullfont!
Missing character: There is no t in font nullfont!
Missing character: There is no e in font nullfont!
Missing character: There is no r in font nullfont!
Missing character: There is no v in font nullfont!
Missing character: There is no i in font nullfont!
Missing character: There is no e in font nullfont!
Missing character: There is no w in font nullfont!
Missing character: There is no m in font nullfont!
Missing character: There is no e in font nullfont!
Missing character: There is no d in font nullfont!
Missing character: There is no s in font nullfont!
Missing character: There is no y in font nullfont!
Missing character: There is no g in font nullfont!
Missing character: There is no e in font nullfont!
Missing character: There is no p in font nullfont!
Missing character: There is no l in font nullfont!
Missing character: There is no e in font nullfont!
Missing character: There is no j in font nullfont!
Missing character: There is no e in font nullfont!
Missing character: There is no r in font nullfont!
Missing character: There is no s in font nullfont!
Missing character: There is no k in font nullfont!
Missing character: There is no e in font nullfont!
Missing character: There is no r in font nullfont!
Missing character: There is no f in font nullfont!
Missing character: There is no r in font nullfont!
Missing character: There is no e in font nullfont!
Missing character: There is no m in font nullfont!
Missing character: There is no g in font nullfont!
Missing character: There is no √ in font nullfont!
Missing character: There is no • in font nullfont!
Missing character: There is no r in font nullfont!
Missing character: There is no a in font nullfont!
Missing character: There is no f in font nullfont!
Missing character: There is no b in font nullfont!
Missing character: There is no i in font nullfont!
Missing character: There is no l in font nullfont!
Missing character: There is no a in font nullfont!
Missing character: There is no g in font nullfont!
! Undefined control sequence.
<write> ...: Reference `bilagO1' on page \thepage 
                                                  \space undefined\on@line .
l.4 ...eplejersker fremg√•r af bilag \ref{bilagO1}
                                                   og bilag \ref{bilagO2}, m...
The control sequence at the end of the top line
of your error message was never \def'ed. If you have
misspelled it (e.g., `\hobx'), type `I' and the correct
spelling (e.g., `I\hbox'). Otherwise just continue,
and I'll forget about whatever was undefined.


LaTeX Warning: Reference `bilagO1' on page  undefined on input line 4.

Missing character: There is no o in font nullfont!
Missing character: There is no g in font nullfont!
Missing character: There is no b in font nullfont!
Missing character: There is no i in font nullfont!
Missing character: There is no l in font nullfont!
Missing character: There is no a in font nullfont!
Missing character: There is no g in font nullfont!
! Undefined control sequence.
<write> ...: Reference `bilagO2' on page \thepage 
                                                  \space undefined\on@line .
l.4 ... bilag \ref{bilagO1} og bilag \ref{bilagO2}
                                                  , mens interviewet med l√¶...
The control sequence at the end of the top line
of your error message was never \def'ed. If you have
misspelled it (e.g., `\hobx'), type `I' and the correct
spelling (e.g., `I\hbox'). Otherwise just continue,
and I'll forget about whatever was undefined.


LaTeX Warning: Reference `bilagO2' on page  undefined on input line 4.

Missing character: There is no , in font nullfont!
Missing character: There is no m in font nullfont!
Missing character: There is no e in font nullfont!
Missing character: There is no n in font nullfont!
Missing character: There is no s in font nullfont!
Missing character: There is no i in font nullfont!
Missing character: There is no n in font nullfont!
Missing character: There is no t in font nullfont!
Missing character: There is no e in font nullfont!
Missing character: There is no r in font nullfont!
Missing character: There is no v in font nullfont!
Missing character: There is no i in font nullfont!
Missing character: There is no e in font nullfont!
Missing character: There is no w in font nullfont!
Missing character: There is no e in font nullfont!
Missing character: There is no t in font nullfont!
Missing character: There is no m in font nullfont!
Missing character: There is no e in font nullfont!
Missing character: There is no d in font nullfont!
Missing character: There is no l in font nullfont!
Missing character: There is no √ in font nullfont!
Missing character: There is no ¶ in font nullfont!
Missing character: There is no g in font nullfont!
Missing character: There is no e in font nullfont!
Missing character: There is no s in font nullfont!
Missing character: There is no e in font nullfont!
Missing character: There is no k in font nullfont!
Missing character: There is no r in font nullfont!
Missing character: There is no e in font nullfont!
Missing character: There is no t in font nullfont!
Missing character: There is no √ in font nullfont!
Missing character: There is no ¶ in font nullfont!
Missing character: There is no r in font nullfont!
Missing character: There is no e in font nullfont!
Missing character: There is no n in font nullfont!
Missing character: There is no f in font nullfont!
Missing character: There is no r in font nullfont!
Missing character: There is no e in font nullfont!
Missing character: There is no m in font nullfont!
Missing character: There is no g in font nullfont!
Missing character: There is no √ in font nullfont!
Missing character: There is no • in font nullfont!
Missing character: There is no r in font nullfont!
Missing character: There is no a in font nullfont!
Missing character: There is no f in font nullfont!
Missing character: There is no b in font nullfont!
Missing character: There is no i in font nullfont!
Missing character: There is no l in font nullfont!
Missing character: There is no a in font nullfont!
Missing character: There is no g in font nullfont!
! Undefined control sequence.
<write> ... Reference `bilagsek' on page \thepage 
                                                  \space undefined\on@line .
l.4 ...ekret√¶ren fremg√•r af bilag \ref{bilagsek}
                                                  . Interviewer er angivet m...
The control sequence at the end of the top line
of your error message was never \def'ed. If you have
misspelled it (e.g., `\hobx'), type `I' and the correct
spelling (e.g., `I\hbox'). Otherwise just continue,
and I'll forget about whatever was undefined.


LaTeX Warning: Reference `bilagsek' on page  undefined on input line 4.

Missing character: There is no . in font nullfont!
Missing character: There is no I in font nullfont!
Missing character: There is no n in font nullfont!
Missing character: There is no t in font nullfont!
Missing character: There is no e in font nullfont!
Missing character: There is no r in font nullfont!
Missing character: There is no v in font nullfont!
Missing character: There is no i in font nullfont!
Missing character: There is no e in font nullfont!
Missing character: There is no w in font nullfont!
Missing character: There is no e in font nullfont!
Missing character: There is no r in font nullfont!
Missing character: There is no e in font nullfont!
Missing character: There is no r in font nullfont!
Missing character: There is no a in font nullfont!
Missing character: There is no n in font nullfont!
Missing character: There is no g in font nullfont!
Missing character: There is no i in font nullfont!
Missing character: There is no v in font nullfont!
Missing character: There is no e in font nullfont!
Missing character: There is no t in font nullfont!
Missing character: There is no m in font nullfont!
Missing character: There is no e in font nullfont!
Missing character: There is no d in font nullfont!
Missing character: There is no f in font nullfont!
Missing character: There is no e in font nullfont!
Missing character: There is no d in font nullfont!
Missing character: There is no s in font nullfont!
Missing character: There is no k in font nullfont!
Missing character: There is no r in font nullfont!
Missing character: There is no i in font nullfont!
Missing character: There is no f in font nullfont!
Missing character: There is no t in font nullfont!
Missing character: There is no , in font nullfont!
Missing character: There is no m in font nullfont!
Missing character: There is no e in font nullfont!
Missing character: There is no n in font nullfont!
Missing character: There is no s in font nullfont!
Missing character: There is no i in font nullfont!
Missing character: There is no n in font nullfont!
Missing character: There is no f in font nullfont!
Missing character: There is no o in font nullfont!
Missing character: There is no r in font nullfont!
Missing character: There is no m in font nullfont!
Missing character: There is no a in font nullfont!
Missing character: There is no n in font nullfont!
Missing character: There is no t in font nullfont!
Missing character: There is no e in font nullfont!
Missing character: There is no n in font nullfont!
Missing character: There is no s in font nullfont!
Missing character: There is no e in font nullfont!
Missing character: There is no r in font nullfont!
Missing character: There is no a in font nullfont!
Missing character: There is no n in font nullfont!
Missing character: There is no g in font nullfont!
Missing character: There is no i in font nullfont!
Missing character: There is no v in font nullfont!
Missing character: There is no e in font nullfont!
Missing character: There is no t in font nullfont!
Missing character: There is no m in font nullfont!
Missing character: There is no e in font nullfont!
Missing character: There is no d in font nullfont!
Missing character: There is no k in font nullfont!
Missing character: There is no u in font nullfont!
Missing character: There is no r in font nullfont!
Missing character: There is no s in font nullfont!
Missing character: There is no i in font nullfont!
Missing character: There is no v in font nullfont!
Missing character: There is no s in font nullfont!
Missing character: There is no k in font nullfont!
Missing character: There is no r in font nullfont!
Missing character: There is no i in font nullfont!
Missing character: There is no f in font nullfont!
Missing character: There is no t in font nullfont!
Missing character: There is no . in font nullfont!

Overfull \hbox (20.0pt too wide) in paragraph at lines 3--5
[]
 []


Overfull \hbox (10.86105pt too wide) in paragraph at lines 3--5
[]
 []


Overfull \hbox (10.86105pt too wide) in paragraph at lines 3--5
[]
 []


Overfull \hbox (10.86105pt too wide) in paragraph at lines 3--5
[]
 []

! Undefined control sequence.
l.6 \subsection
               {Sygeplejerske p√• sengeafsnit O1} \label{bilagO1}
The control sequence at the end of the top line
of your error message was never \def'ed. If you have
misspelled it (e.g., `\hobx'), type `I' and the correct
spelling (e.g., `I\hbox'). Otherwise just continue,
and I'll forget about whatever was undefined.


! LaTeX Error: Missing \begin{document}.

See the LaTeX manual or LaTeX Companion for explanation.
Type  H <return>  for immediate help.
 ...                                              
                                                  
l.6 \subsection{S
                 ygeplejerske p√• sengeafsnit O1} \label{bilagO1}
You're in trouble here.  Try typing  <return>  to proceed.
If that doesn't work, type  X <return>  to quit.

Missing character: There is no S in font nullfont!
Missing character: There is no y in font nullfont!
Missing character: There is no g in font nullfont!
Missing character: There is no e in font nullfont!
Missing character: There is no p in font nullfont!
Missing character: There is no l in font nullfont!
Missing character: There is no e in font nullfont!
Missing character: There is no j in font nullfont!
Missing character: There is no e in font nullfont!
Missing character: There is no r in font nullfont!
Missing character: There is no s in font nullfont!
Missing character: There is no k in font nullfont!
Missing character: There is no e in font nullfont!
Missing character: There is no p in font nullfont!
Missing character: There is no √ in font nullfont!
Missing character: There is no • in font nullfont!
Missing character: There is no s in font nullfont!
Missing character: There is no e in font nullfont!
Missing character: There is no n in font nullfont!
Missing character: There is no g in font nullfont!
Missing character: There is no e in font nullfont!
Missing character: There is no a in font nullfont!
Missing character: There is no f in font nullfont!
Missing character: There is no s in font nullfont!
Missing character: There is no n in font nullfont!
Missing character: There is no i in font nullfont!
Missing character: There is no t in font nullfont!
Missing character: There is no O in font nullfont!
Missing character: There is no 1 in font nullfont!
Missing character: There is no √ in font cmti10!
Missing character: There is no • in font cmti10!
LaTeX Font Info:    External font `cmex10' loaded for size
(Font)              <7> on input line 9.
LaTeX Font Info:    External font `cmex10' loaded for size
(Font)              <5> on input line 9.
Missing character: There is no √ in font cmbx10!
Missing character: There is no ¶ in font cmbx10!
Missing character: There is no √ in font cmbx10!
Missing character: There is no ¶ in font cmbx10!
Missing character: There is no √ in font cmbx10!
Missing character: There is no • in font cmbx10!
Missing character: There is no √ in font cmti10!
Missing character: There is no • in font cmti10!
Missing character: There is no √ in font cmbx10!
Missing character: There is no • in font cmbx10!
Missing character: There is no √ in font cmbx10!
Missing character: There is no ∏ in font cmbx10!
Missing character: There is no √ in font cmbx10!
Missing character: There is no • in font cmbx10!
Missing character: There is no √ in font cmti10!
Missing character: There is no • in font cmti10!
Missing character: There is no √ in font cmbx10!
Missing character: There is no • in font cmbx10!
Missing character: There is no √ in font cmbx10!
Missing character: There is no ∏ in font cmbx10!
Missing character: There is no √ in font cmbx10!
Missing character: There is no • in font cmbx10!
Missing character: There is no √ in font cmti10!
Missing character: There is no • in font cmti10!
Missing character: There is no √ in font cmti10!
Missing character: There is no • in font cmti10!
Missing character: There is no √ in font cmbx10!
Missing character: There is no • in font cmbx10!
Missing character: There is no √ in font cmbx10!
Missing character: There is no ∏ in font cmbx10!
Missing character: There is no √ in font cmti10!
Missing character: There is no ∏ in font cmti10!
Missing character: There is no √ in font cmti10!
Missing character: There is no • in font cmti10!
Missing character: There is no √ in font cmbx10!
Missing character: There is no • in font cmbx10!
Missing character: There is no √ in font cmbx10!
Missing character: There is no • in font cmbx10!
Missing character: There is no √ in font cmbx10!
Missing character: There is no ¶ in font cmbx10!
Missing character: There is no √ in font cmti10!
Missing character: There is no ∏ in font cmti10!
Missing character: There is no √ in font cmti10!
Missing character: There is no ∏ in font cmti10!
Missing character: There is no √ in font cmti10!
Missing character: There is no ∏ in font cmti10!
Missing character: There is no √ in font cmti10!
Missing character: There is no ¶ in font cmti10!
Missing character: There is no √ in font cmbx10!
Missing character: There is no • in font cmbx10!
Missing character: There is no √ in font cmbx10!
Missing character: There is no • in font cmbx10!
Missing character: There is no √ in font cmbx10!
Missing character: There is no • in font cmbx10!
Missing character: There is no √ in font cmbx10!
Missing character: There is no • in font cmbx10!
Missing character: There is no √ in font cmti10!
Missing character: There is no ¶ in font cmti10!
Missing character: There is no √ in font cmti10!
Missing character: There is no • in font cmti10!
Missing character: There is no √ in font cmti10!
Missing character: There is no • in font cmti10!
Missing character: There is no √ in font cmti10!
Missing character: There is no • in font cmti10!
Missing character: There is no √ in font cmbx10!
Missing character: There is no ¶ in font cmbx10!
Missing character: There is no √ in font cmbx10!
Missing character: There is no ∏ in font cmbx10!
Missing character: There is no √ in font cmbx10!
Missing character: There is no • in font cmbx10!
Missing character: There is no √ in font cmti10!
Missing character: There is no • in font cmti10!
Missing character: There is no √ in font cmti10!
Missing character: There is no • in font cmti10!
Missing character: There is no √ in font cmti10!
Missing character: There is no • in font cmti10!
Missing character: There is no √ in font cmti10!
Missing character: There is no ¶ in font cmti10!
Missing character: There is no √ in font cmbx10!
Missing character: There is no ¶ in font cmbx10!
Missing character: There is no √ in font cmbx10!
Missing character: There is no • in font cmbx10!
Missing character: There is no √ in font cmbx10!
Missing character: There is no • in font cmbx10!
Missing character: There is no √ in font cmbx10!
Missing character: There is no • in font cmbx10!
Missing character: There is no √ in font cmbx10!
Missing character: There is no ∏ in font cmbx10!
Missing character: There is no √ in font cmbx10!
Missing character: There is no • in font cmbx10!
Missing character: There is no √ in font cmti10!
Missing character: There is no • in font cmti10!
Missing character: There is no √ in font cmti10!
Missing character: There is no • in font cmti10!
Missing character: There is no √ in font cmti10!
Missing character: There is no ¶ in font cmti10!
Missing character: There is no √ in font cmti10!
Missing character: There is no • in font cmti10!
Missing character: There is no √ in font cmti10!
Missing character: There is no • in font cmti10!
Missing character: There is no √ in font cmti10!
Missing character: There is no ¶ in font cmti10!
Missing character: There is no √ in font cmti10!
Missing character: There is no • in font cmti10!
Missing character: There is no √ in font cmti10!
Missing character: There is no • in font cmti10!
Missing character: There is no √ in font cmbx10!
Missing character: There is no • in font cmbx10!
Missing character: There is no √ in font cmbx10!
Missing character: There is no ∏ in font cmbx10!
Missing character: There is no √ in font cmbx10!
Missing character: There is no • in font cmbx10!
Missing character: There is no √ in font cmbx10!
Missing character: There is no • in font cmbx10!
Missing character: There is no √ in font cmbx10!
Missing character: There is no • in font cmbx10!
Missing character: There is no √ in font cmbx10!
Missing character: There is no ¶ in font cmbx10!
Missing character: There is no √ in font cmbx10!
Missing character: There is no ¶ in font cmbx10!
Missing character: There is no √ in font cmbx10!
Missing character: There is no • in font cmbx10!
Missing character: There is no √ in font cmti10!
Missing character: There is no • in font cmti10!
Missing character: There is no √ in font cmti10!
Missing character: There is no ∏ in font cmti10!
Missing character: There is no √ in font cmti10!
Missing character: There is no • in font cmti10!
Missing character: There is no √ in font cmti10!
Missing character: There is no • in font cmti10!
Missing character: There is no √ in font cmti10!
Missing character: There is no ∏ in font cmti10!
Missing character: There is no √ in font cmti10!
Missing character: There is no • in font cmti10!
Missing character: There is no √ in font cmti10!
Missing character: There is no • in font cmti10!
Missing character: There is no √ in font cmbx10!
Missing character: There is no • in font cmbx10!
Missing character: There is no √ in font cmbx10!
Missing character: There is no • in font cmbx10!
Missing character: There is no √ in font cmbx10!
Missing character: There is no ∏ in font cmbx10!
Missing character: There is no √ in font cmbx10!
Missing character: There is no ∏ in font cmbx10!
Missing character: There is no √ in font cmti10!
Missing character: There is no • in font cmti10!
Missing character: There is no √ in font cmti10!
Missing character: There is no • in font cmti10!
Missing character: There is no √ in font cmti10!
Missing character: There is no • in font cmti10!
Missing character: There is no √ in font cmti10!
Missing character: There is no • in font cmti10!
Missing character: There is no √ in font cmti10!
Missing character: There is no • in font cmti10!
Missing character: There is no √ in font cmbx10!
Missing character: There is no ∏ in font cmbx10!
Missing character: There is no √ in font cmti10!
Missing character: There is no ∏ in font cmti10!
Missing character: There is no √ in font cmbx10!
Missing character: There is no • in font cmbx10!
Missing character: There is no √ in font cmbx10!
Missing character: There is no • in font cmbx10!
Missing character: There is no √ in font cmbx10!
Missing character: There is no ∏ in font cmbx10!
Missing character: There is no √ in font cmbx10!
Missing character: There is no • in font cmbx10!
Missing character: There is no √ in font cmti10!
Missing character: There is no • in font cmti10!
Missing character: There is no √ in font cmti10!
Missing character: There is no • in font cmti10!
Missing character: There is no √ in font cmti10!
Missing character: There is no ∏ in font cmti10!
Missing character: There is no √ in font cmti10!
Missing character: There is no • in font cmti10!
Missing character: There is no √ in font cmti10!
Missing character: There is no ¶ in font cmti10!
Missing character: There is no √ in font cmti10!
Missing character: There is no ∏ in font cmti10!
Missing character: There is no √ in font cmti10!
Missing character: There is no ∏ in font cmti10!
Missing character: There is no √ in font cmti10!
Missing character: There is no ¶ in font cmti10!
Missing character: There is no √ in font cmti10!
Missing character: There is no • in font cmti10!
Missing character: There is no √ in font cmti10!
Missing character: There is no • in font cmti10!
Missing character: There is no √ in font cmti10!
Missing character: There is no ∏ in font cmti10!
Missing character: There is no √ in font cmti10!
Missing character: There is no • in font cmti10!
Missing character: There is no √ in font cmti10!
Missing character: There is no ∏ in font cmti10!
Missing character: There is no √ in font cmti10!
Missing character: There is no ∏ in font cmti10!
Missing character: There is no √ in font cmti10!
Missing character: There is no • in font cmti10!
Missing character: There is no √ in font cmti10!
Missing character: There is no ∏ in font cmti10!
Missing character: There is no √ in font cmbx10!
Missing character: There is no • in font cmbx10!
Missing character: There is no √ in font cmti10!
Missing character: There is no • in font cmti10!
Missing character: There is no √ in font cmti10!
Missing character: There is no ¶ in font cmti10!
Missing character: There is no √ in font cmti10!
Missing character: There is no • in font cmti10!
Missing character: There is no √ in font cmti10!
Missing character: There is no ∏ in font cmti10!
Missing character: There is no √ in font cmti10!
Missing character: There is no ¶ in font cmti10!
Missing character: There is no √ in font cmti10!
Missing character: There is no • in font cmti10!
Missing character: There is no √ in font cmti10!
Missing character: There is no ¶ in font cmti10!
Missing character: There is no √ in font cmti10!
Missing character: There is no ∏ in font cmti10!
Missing character: There is no √ in font cmti10!
Missing character: There is no • in font cmti10!
Missing character: There is no √ in font cmbx10!
Missing character: There is no • in font cmbx10!
Missing character: There is no √ in font cmbx10!
Missing character: There is no • in font cmbx10!
Missing character: There is no √ in font cmbx10!
Missing character: There is no • in font cmbx10!
Missing character: There is no √ in font cmbx10!
Missing character: There is no ¶ in font cmbx10!
Missing character: There is no √ in font cmbx10!
Missing character: There is no • in font cmbx10!
Missing character: There is no √ in font cmbx10!
Missing character: There is no • in font cmbx10!
Missing character: There is no √ in font cmbx10!
Missing character: There is no • in font cmbx10!
Missing character: There is no √ in font cmbx10!
Missing character: There is no ¶ in font cmbx10!
Missing character: There is no √ in font cmbx10!
Missing character: There is no ∏ in font cmbx10!
Missing character: There is no √ in font cmti10!
Missing character: There is no • in font cmti10!
Missing character: There is no √ in font cmbx10!
Missing character: There is no • in font cmbx10!
Missing character: There is no √ in font cmbx10!
Missing character: There is no • in font cmbx10!
Missing character: There is no √ in font cmbx10!
Missing character: There is no • in font cmbx10!
Missing character: There is no √ in font cmti10!
Missing character: There is no ¶ in font cmti10!
Missing character: There is no √ in font cmti10!
Missing character: There is no • in font cmti10!
Missing character: There is no √ in font cmti10!
Missing character: There is no • in font cmti10!
Missing character: There is no √ in font cmti10!
Missing character: There is no ∏ in font cmti10!
Missing character: There is no √ in font cmti10!
Missing character: There is no • in font cmti10!
Missing character: There is no √ in font cmti10!
Missing character: There is no ∏ in font cmti10!
Missing character: There is no √ in font cmti10!
Missing character: There is no • in font cmti10!
Missing character: There is no √ in font cmti10!
Missing character: There is no • in font cmti10!
Missing character: There is no √ in font cmti10!
Missing character: There is no ¶ in font cmti10!
Missing character: There is no √ in font cmti10!
Missing character: There is no • in font cmti10!
Missing character: There is no √ in font cmti10!
Missing character: There is no • in font cmti10!
Missing character: There is no √ in font cmti10!
Missing character: There is no ∏ in font cmti10!
Missing character: There is no √ in font cmti10!
Missing character: There is no • in font cmti10!
Missing character: There is no √ in font cmti10!
Missing character: There is no • in font cmti10!
Missing character: There is no √ in font cmti10!
Missing character: There is no ¶ in font cmti10!
Missing character: There is no √ in font cmti10!
Missing character: There is no ¶ in font cmti10!
Missing character: There is no √ in font cmti10!
Missing character: There is no • in font cmti10!
Missing character: There is no √ in font cmti10!
Missing character: There is no • in font cmti10!
Missing character: There is no √ in font cmti10!
Missing character: There is no • in font cmti10!
Missing character: There is no √ in font cmbx10!
Missing character: There is no • in font cmbx10!
Missing character: There is no √ in font cmbx10!
Missing character: There is no • in font cmbx10!
Missing character: There is no √ in font cmbx10!
Missing character: There is no • in font cmbx10!
Missing character: There is no √ in font cmbx10!
Missing character: There is no • in font cmbx10!
Missing character: There is no √ in font cmbx10!
Missing character: There is no • in font cmbx10!
Missing character: There is no √ in font cmbx10!
Missing character: There is no • in font cmbx10!
Missing character: There is no √ in font cmbx10!
Missing character: There is no ¶ in font cmbx10!
Missing character: There is no √ in font cmbx10!
Missing character: There is no ∏ in font cmbx10!
Missing character: There is no √ in font cmbx10!
Missing character: There is no • in font cmbx10!
Missing character: There is no √ in font cmti10!
Missing character: There is no ¶ in font cmti10!
Missing character: There is no √ in font cmti10!
Missing character: There is no • in font cmti10!
Missing character: There is no √ in font cmti10!
Missing character: There is no • in font cmti10!
Missing character: There is no √ in font cmti10!
Missing character: There is no ∏ in font cmti10!
Missing character: There is no √ in font cmti10!
Missing character: There is no • in font cmti10!
Missing character: There is no √ in font cmti10!
Missing character: There is no • in font cmti10!
Missing character: There is no √ in font cmti10!
Missing character: There is no ∏ in font cmti10!
Missing character: There is no √ in font cmti10!
Missing character: There is no • in font cmti10!
Missing character: There is no √ in font cmti10!
Missing character: There is no • in font cmti10!
Missing character: There is no √ in font cmti10!
Missing character: There is no • in font cmti10!
Missing character: There is no √ in font cmti10!
Missing character: There is no ∏ in font cmti10!
Missing character: There is no √ in font cmti10!
Missing character: There is no • in font cmti10!
Missing character: There is no √ in font cmti10!
Missing character: There is no • in font cmti10!
Missing character: There is no √ in font cmti10!
Missing character: There is no ¶ in font cmti10!
Missing character: There is no √ in font cmti10!
Missing character: There is no • in font cmti10!
Missing character: There is no √ in font cmti10!
Missing character: There is no • in font cmti10!
Missing character: There is no √ in font cmti10!
Missing character: There is no • in font cmti10!
Missing character: There is no √ in font cmti10!
Missing character: There is no ∏ in font cmti10!
Missing character: There is no √ in font cmti10!
Missing character: There is no • in font cmti10!
Missing character: There is no √ in font cmbx10!
Missing character: There is no • in font cmbx10!
Missing character: There is no √ in font cmbx10!
Missing character: There is no • in font cmbx10!
Missing character: There is no √ in font cmbx10!
Missing character: There is no • in font cmbx10!
Missing character: There is no √ in font cmti10!
Missing character: There is no • in font cmti10!
Missing character: There is no √ in font cmti10!
Missing character: There is no ∏ in font cmti10!
Missing character: There is no √ in font cmti10!
Missing character: There is no ∏ in font cmti10!
Missing character: There is no √ in font cmbx10!
Missing character: There is no • in font cmbx10!
Missing character: There is no √ in font cmbx10!
Missing character: There is no ∏ in font cmbx10!
Missing character: There is no √ in font cmbx10!
Missing character: There is no • in font cmbx10!
Missing character: There is no √ in font cmbx10!
Missing character: There is no ¶ in font cmbx10!
Missing character: There is no √ in font cmti10!
Missing character: There is no ¶ in font cmti10!
Missing character: There is no √ in font cmti10!
Missing character: There is no • in font cmti10!
Missing character: There is no √ in font cmti10!
Missing character: There is no • in font cmti10!
Missing character: There is no √ in font cmti10!
Missing character: There is no • in font cmti10!
Missing character: There is no √ in font cmti10!
Missing character: There is no • in font cmti10!
Missing character: There is no √ in font cmti10!
Missing character: There is no ∏ in font cmti10!
Missing character: There is no √ in font cmti10!
Missing character: There is no • in font cmti10!
Missing character: There is no √ in font cmti10!
Missing character: There is no • in font cmti10!
Missing character: There is no √ in font cmti10!
Missing character: There is no ¶ in font cmti10!
Missing character: There is no √ in font cmti10!
Missing character: There is no ¶ in font cmti10!
Missing character: There is no √ in font cmti10!
Missing character: There is no • in font cmti10!
Missing character: There is no √ in font cmti10!
Missing character: There is no • in font cmti10!
Missing character: There is no √ in font cmti10!
Missing character: There is no • in font cmti10!
Missing character: There is no √ in font cmti10!
Missing character: There is no • in font cmti10!
Missing character: There is no √ in font cmti10!
Missing character: There is no ¶ in font cmti10!
Missing character: There is no √ in font cmti10!
Missing character: There is no • in font cmti10!
Missing character: There is no √ in font cmti10!
Missing character: There is no ¶ in font cmti10!
Missing character: There is no √ in font cmti10!
Missing character: There is no • in font cmti10!
Missing character: There is no √ in font cmti10!
Missing character: There is no • in font cmti10!
Missing character: There is no √ in font cmti10!
Missing character: There is no • in font cmti10!
Missing character: There is no √ in font cmti10!
Missing character: There is no • in font cmti10!
Missing character: There is no √ in font cmbx10!
Missing character: There is no • in font cmbx10!
Missing character: There is no √ in font cmbx10!
Missing character: There is no • in font cmbx10!
Missing character: There is no √ in font cmbx10!
Missing character: There is no • in font cmbx10!
Missing character: There is no √ in font cmbx10!
Missing character: There is no • in font cmbx10!
Missing character: There is no √ in font cmbx10!
Missing character: There is no ∏ in font cmbx10!
Missing character: There is no √ in font cmbx10!
Missing character: There is no • in font cmbx10!
Missing character: There is no √ in font cmbx10!
Missing character: There is no • in font cmbx10!
Missing character: There is no √ in font cmti10!
Missing character: There is no • in font cmti10!
Missing character: There is no √ in font cmti10!
Missing character: There is no • in font cmti10!
Missing character: There is no √ in font cmti10!
Missing character: There is no ¶ in font cmti10!
Missing character: There is no √ in font cmti10!
Missing character: There is no • in font cmti10!
Missing character: There is no √ in font cmti10!
Missing character: There is no • in font cmti10!
Missing character: There is no √ in font cmti10!
Missing character: There is no • in font cmti10!
Missing character: There is no √ in font cmti10!
Missing character: There is no • in font cmti10!
Missing character: There is no √ in font cmti10!
Missing character: There is no • in font cmti10!
Missing character: There is no √ in font cmti10!
Missing character: There is no ∏ in font cmti10!
Missing character: There is no √ in font cmti10!
Missing character: There is no • in font cmti10!
Missing character: There is no √ in font cmti10!
Missing character: There is no ¶ in font cmti10!
Missing character: There is no √ in font cmti10!
Missing character: There is no • in font cmti10!
Missing character: There is no √ in font cmti10!
Missing character: There is no • in font cmti10!
Missing character: There is no √ in font cmti10!
Missing character: There is no • in font cmti10!
Missing character: There is no √ in font cmbx10!
Missing character: There is no • in font cmbx10!
Missing character: There is no √ in font cmti10!
Missing character: There is no • in font cmti10!
Missing character: There is no √ in font cmti10!
Missing character: There is no • in font cmti10!
Missing character: There is no √ in font cmbx10!
Missing character: There is no • in font cmbx10!
Missing character: There is no √ in font cmbx10!
Missing character: There is no • in font cmbx10!
Missing character: There is no √ in font cmbx10!
Missing character: There is no • in font cmbx10!
Missing character: There is no √ in font cmbx10!
Missing character: There is no • in font cmbx10!
Missing character: There is no √ in font cmbx10!
Missing character: There is no ∏ in font cmbx10!
Missing character: There is no √ in font cmbx10!
Missing character: There is no ¶ in font cmbx10!
Missing character: There is no √ in font cmbx10!
Missing character: There is no ∏ in font cmbx10!
Missing character: There is no √ in font cmti10!
Missing character: There is no • in font cmti10!
Missing character: There is no √ in font cmti10!
Missing character: There is no • in font cmti10!
Missing character: There is no √ in font cmti10!
Missing character: There is no • in font cmti10!
Missing character: There is no √ in font cmti10!
Missing character: There is no • in font cmti10!
Missing character: There is no √ in font cmti10!
Missing character: There is no ∏ in font cmti10!
Missing character: There is no √ in font cmti10!
Missing character: There is no • in font cmti10!
Missing character: There is no √ in font cmbx10!
Missing character: There is no • in font cmbx10!
Missing character: There is no √ in font cmbx10!
Missing character: There is no ¶ in font cmbx10!
Missing character: There is no √ in font cmti10!
Missing character: There is no • in font cmti10!
Missing character: There is no √ in font cmti10!
Missing character: There is no ¶ in font cmti10!
Missing character: There is no √ in font cmti10!
Missing character: There is no ¶ in font cmti10!
Missing character: There is no √ in font cmti10!
Missing character: There is no ¶ in font cmti10!
Missing character: There is no √ in font cmti10!
Missing character: There is no • in font cmti10!
Missing character: There is no √ in font cmti10!
Missing character: There is no • in font cmti10!
Missing character: There is no √ in font cmti10!
Missing character: There is no ∏ in font cmti10!
Missing character: There is no √ in font cmbx10!
Missing character: There is no • in font cmbx10!
Missing character: There is no √ in font cmbx10!
Missing character: There is no • in font cmbx10!
Missing character: There is no √ in font cmbx10!
Missing character: There is no • in font cmbx10!
Missing character: There is no √ in font cmbx10!
Missing character: There is no • in font cmbx10!
Missing character: There is no √ in font cmbx10!
Missing character: There is no ¶ in font cmbx10!
Missing character: There is no √ in font cmbx10!
Missing character: There is no ∏ in font cmbx10!
Missing character: There is no √ in font cmbx10!
Missing character: There is no • in font cmbx10!
Missing character: There is no √ in font cmbx10!
Missing character: There is no ¶ in font cmbx10!
Missing character: There is no √ in font cmti10!
Missing character: There is no • in font cmti10!
Missing character: There is no √ in font cmbx10!
Missing character: There is no • in font cmbx10!
Missing character: There is no √ in font cmbx10!
Missing character: There is no • in font cmbx10!
Missing character: There is no √ in font cmti10!
Missing character: There is no • in font cmti10!
Missing character: There is no √ in font cmti10!
Missing character: There is no • in font cmti10!
Missing character: There is no √ in font cmti10!
Missing character: There is no • in font cmti10!
Missing character: There is no √ in font cmti10!
Missing character: There is no • in font cmti10!
Missing character: There is no √ in font cmti10!
Missing character: There is no • in font cmti10!
Missing character: There is no √ in font cmti10!
Missing character: There is no • in font cmti10!
Missing character: There is no √ in font cmti10!
Missing character: There is no • in font cmti10!
Missing character: There is no √ in font cmti10!
Missing character: There is no • in font cmti10!
Missing character: There is no √ in font cmti10!
Missing character: There is no • in font cmti10!
Missing character: There is no √ in font cmbx10!
Missing character: There is no • in font cmbx10!
Missing character: There is no √ in font cmbx10!
Missing character: There is no • in font cmbx10!
Missing character: There is no √ in font cmbx10!
Missing character: There is no • in font cmbx10!
Missing character: There is no √ in font cmbx10!
Missing character: There is no • in font cmbx10!
Missing character: There is no √ in font cmbx10!
Missing character: There is no • in font cmbx10!
Missing character: There is no √ in font cmbx10!
Missing character: There is no ¶ in font cmbx10!
Missing character: There is no √ in font cmbx10!
Missing character: There is no • in font cmbx10!
Missing character: There is no √ in font cmbx10!
Missing character: There is no ¶ in font cmbx10!
Missing character: There is no √ in font cmti10!
Missing character: There is no ∏ in font cmti10!
Missing character: There is no √ in font cmti10!
Missing character: There is no • in font cmti10!
Missing character: There is no √ in font cmbx10!
Missing character: There is no • in font cmbx10!
)
Runaway argument?
{Ja og grundsygdom, alts√• grunddiagnoser. Man kan jo godt ved nogen \ETC.
! File ended while scanning use of \textit .
<inserted text> 
                \par 
<*> interviewlaegesek.tex
                         
I suspect you have forgotten a `}', causing me
to read past where you wanted me to stop.
I'll try to recover; but if the error is serious,
you'd better type `E' or `X' now and fix your file.

! Emergency stop.
<*> interviewlaegesek.tex
                         
*** (job aborted, no legal \end found)

 
Here is how much of TeX's memory you used:
 17 strings out of 493921
 449 string characters out of 3144831
 68230 words of memory out of 3000000
 3408 multiletter control sequences out of 15000+200000
 4294 words of font info for 16 fonts, out of 3000000 for 9000
 841 hyphenation exceptions out of 8191
 20i,2n,19p,733b,107s stack positions out of 5000i,500n,10000p,200000b,50000s
!  ==> Fatal error occurred, no output PDF file produced!
